2025-06-06 20:58:58 - __main__ - INFO - Migration logger initialized - Log file: C:\Users\maboy\OneDrive\Desktop\Robotic_Arm\Hand_Tracking\robot_control\logs\__main___20250606_205858.log
2025-06-06 20:58:58 - __main__ - INFO - Running test: Package Imports
2025-06-06 20:58:58 - __main__ - INFO - ✅ PASS Package Imports: All 31 symbols imported successfully (0.00s)
2025-06-06 20:58:58 - __main__ - INFO - Running test: Backward Compatibility
2025-06-06 20:58:58 - __main__ - INFO - ✅ PASS Backward Compatibility: Backward compatibility verified for 3 import groups (0.00s)
2025-06-06 20:58:58 - __main__ - INFO - Running test: Core API Classes
2025-06-06 20:58:58 - __main__ - INFO - ✅ PASS Core API Classes: Core API classes instantiated: DobotApiDashboard, DobotApiFeedback, ConnectionManager, RobotStatusMonitor (0.00s)
2025-06-06 20:58:58 - __main__ - INFO - Running test: Utility Functions
2025-06-06 20:58:58 - __main__ - INFO - ❌ FAIL Utility Functions: Utility function test failed:  (0.00s)
2025-06-06 20:58:58 - __main__ - INFO - Running test: Robot Controller Creation
2025-06-06 20:58:58 - __main__ - INFO - ❌ FAIL Robot Controller Creation: Robot controller test failed:  (0.00s)
2025-06-06 20:58:58 - __main__ - INFO - Running test: ROS Bridge Functionality
2025-06-06 20:58:58 - __main__ - INFO - ❌ FAIL ROS Bridge Functionality: ROS bridge test failed: LOGGING (0.00s)
2025-06-06 20:58:58 - __main__ - INFO - Running test: Error Handling
2025-06-06 20:58:59 - __main__ - INFO - ❌ FAIL Error Handling: Error handling test failed: Always fails (0.65s)
2025-06-06 20:58:59 - __main__ - INFO - Running test: Integration Scenarios
2025-06-06 20:58:59 - __main__ - INFO - ❌ FAIL Integration Scenarios: Integration test failed:  (0.01s)
2025-06-06 20:58:59 - __main__ - INFO - Running test: Performance Regression
2025-06-06 20:58:59 - __main__ - INFO - ✅ PASS Performance Regression: Performance tests passed: Import time: 0.000s, Parse performance: 0.008s for 1000 calls, Memory usage: 25.3MB (0.04s)
2025-06-06 20:58:59 - __main__ - INFO - Running test: Thread Safety
2025-06-06 20:58:59 - __main__ - INFO - ✅ PASS Thread Safety: Thread safety tests passed: 5 threads completed successfully (0.06s)
